%!Adobe-FontList 1.20
%Locale:0x409

%BeginFont
Handler:DirectoryHandler
FontType:TrueType
FontName:Roboto-Light
FamilyName:Roboto
StyleName:Light
MenuName:Roboto Light
StyleBits:0
WeightClass:300
WidthClass:5
AngleClass:0
FullName:Roboto Light
WritingScript:Roman
OutlineFileName:/Users/guidobertola/Google Drive/smarketing°/smrk | progetti/stand by me - codici ricerche/progetto/tool kit/sbm-board-game-pack/Document fonts/Roboto-Light.ttf
DataFormat:sfntData
hasSVG:no
VariableFontType:NonVariableFont
FileLength:162420
FileModTime:448786386
NameArray:0,Win,1,Roboto Light
NameArray:0,Win,16,Roboto
%EndFont

%BeginFont
Handler:DirectoryHandler
FontType:Type1
FontName:FontAwesome
FamilyName:FontAwesome
StyleName:Regular
MenuName:FontAwesome
StyleBits:0
WeightClass:400
WidthClass:5
AngleClass:0
FullName:FontAwesome
WritingScript:Roman
OutlineFileName:/Users/guidobertola/Google Drive/smarketing°/smrk | progetti/stand by me - codici ricerche/progetto/tool kit/sbm-board-game-pack/Document fonts/FontAwesome.otf
DataFormat:sfntData
UsesStandardEncoding:yes
isCFF:yes
hasSVG:no
VariableFontType:NonVariableFont
FileLength:109688
FileModTime:471970164
NameArray:0,Mac,4,FontAwesome
NameArray:0,Win,1,FontAwesome
%EndFont

%BeginFont
Handler:DirectoryHandler
FontType:Invalid
OutlineFileName:/Users/guidobertola/Google Drive/smarketing°/smrk | progetti/stand by me - codici ricerche/progetto/tool kit/sbm-board-game-pack/Document fonts/AdobeFnt21.lst
FileLength:7308
FileModTime:604573189
%EndFont

%BeginFont
Handler:DirectoryHandler
FontType:Invalid
OutlineFileName:/Users/guidobertola/Google Drive/smarketing°/smrk | progetti/stand by me - codici ricerche/progetto/tool kit/sbm-board-game-pack/Document fonts/Icon
FileModTime:604340846
%EndFont

%BeginFont
Handler:DirectoryHandler
FontType:TrueType
FontName:RobotoCondensed-Light
FamilyName:Roboto Condensed
StyleName:Light
MenuName:Roboto Condensed
StyleBits:0
WeightClass:300
WidthClass:5
AngleClass:0
FullName:Roboto Condensed Light
WritingScript:Roman
OutlineFileName:/Users/guidobertola/Google Drive/smarketing°/smrk | progetti/stand by me - codici ricerche/progetto/tool kit/sbm-board-game-pack/Document fonts/RobotoCondensed-Light.ttf
DataFormat:sfntData
hasSVG:no
VariableFontType:NonVariableFont
FileLength:160800
FileModTime:395907682
NameArray:0,Mac,18,Roboto Condensed Light
NameArray:0,Mac,4,Roboto Condensed Light
NameArray:0,Win,1,Roboto Condensed
NameArray:0,Win,16,Roboto Condensed
%EndFont

%BeginFont
Handler:DirectoryHandler
FontType:TrueType
FontName:Roboto-Regular
FamilyName:Roboto
StyleName:Regular
MenuName:Roboto
StyleBits:0
WeightClass:400
WidthClass:5
AngleClass:0
FullName:Roboto
WritingScript:Roman
OutlineFileName:/Users/guidobertola/Google Drive/smarketing°/smrk | progetti/stand by me - codici ricerche/progetto/tool kit/sbm-board-game-pack/Document fonts/Roboto-Regular.ttf
DataFormat:sfntData
hasSVG:no
VariableFontType:NonVariableFont
FileLength:162876
FileModTime:448786386
NameArray:0,Win,1,Roboto
%EndFont

%BeginFont
Handler:DirectoryHandler
FontType:TrueType
FontName:Roboto-BoldCondensed
FamilyName:Roboto
StyleName:Bold Condensed
MenuName:Roboto Cn
StyleBits:2
WeightClass:700
WidthClass:3
AngleClass:0
FullName:Roboto Bold Condensed
WritingScript:Roman
OutlineFileName:/Users/guidobertola/Google Drive/smarketing°/smrk | progetti/stand by me - codici ricerche/progetto/tool kit/sbm-board-game-pack/Document fonts/Roboto-BoldCondensed.ttf
DataFormat:sfntData
hasSVG:no
VariableFontType:NonVariableFont
FileLength:80508
FileModTime:341160552
NameArray:0,Mac,4,Roboto Bold Condensed
NameArray:0,Win,1,Roboto Cn
NameArray:0,Win,16,Roboto
%EndFont

%BeginFont
Handler:DirectoryHandler
FontType:TrueType
FontName:Roboto-Condensed
FamilyName:Roboto
StyleName:Condensed
MenuName:Roboto Cn
StyleBits:0
WeightClass:400
WidthClass:3
AngleClass:0
FullName:Roboto Condensed
WritingScript:Roman
OutlineFileName:/Users/guidobertola/Google Drive/smarketing°/smrk | progetti/stand by me - codici ricerche/progetto/tool kit/sbm-board-game-pack/Document fonts/Roboto-Condensed.ttf
DataFormat:sfntData
hasSVG:no
VariableFontType:NonVariableFont
FileLength:80000
FileModTime:341160554
NameArray:0,Mac,4,Roboto Condensed
NameArray:0,Win,1,Roboto Cn
NameArray:0,Win,16,Roboto
%EndFont

%BeginFont
Handler:DirectoryHandler
FontType:Type1
FontName:MinionPro-Regular
FamilyName:Minion Pro
StyleName:Regular
MenuName:Minion Pro
StyleBits:0
WeightClass:400
WidthClass:5
AngleClass:0
FullName:Minion Pro
WritingScript:Roman
OutlineFileName:/Users/guidobertola/Google Drive/smarketing°/smrk | progetti/stand by me - codici ricerche/progetto/tool kit/sbm-board-game-pack/Document fonts/MinionPro-Regular.otf
DataFormat:sfntData
UsesStandardEncoding:yes
isCFF:yes
hasSVG:no
VariableFontType:NonVariableFont
FileLength:218640
FileModTime:604336597
DesignSize:110
NameArray:0,Mac,4,Minion Pro
NameArray:0,Win,1,Minion Pro
%EndFont

%BeginFont
Handler:DirectoryHandler
FontType:TrueType
FontName:RobotoCondensed-Regular
FamilyName:Roboto Condensed
StyleName:Regular
MenuName:Roboto Condensed
StyleBits:0
WeightClass:400
WidthClass:5
AngleClass:0
FullName:Roboto Condensed Regular
WritingScript:Roman
OutlineFileName:/Users/guidobertola/Google Drive/smarketing°/smrk | progetti/stand by me - codici ricerche/progetto/tool kit/sbm-board-game-pack/Document fonts/RobotoCondensed-Regular.ttf
DataFormat:sfntData
hasSVG:no
VariableFontType:NonVariableFont
FileLength:159868
FileModTime:395907682
NameArray:0,Mac,18,Roboto Condensed Regular
NameArray:0,Mac,4,Roboto Condensed Regular
NameArray:0,Win,1,Roboto Condensed
%EndFont

%BeginFont
Handler:DirectoryHandler
FontType:TrueType
FontName:Roboto-Bold
FamilyName:Roboto
StyleName:Bold
MenuName:Roboto
StyleBits:2
WeightClass:700
WidthClass:5
AngleClass:0
FullName:Roboto Bold
WritingScript:Roman
OutlineFileName:/Users/guidobertola/Google Drive/smarketing°/smrk | progetti/stand by me - codici ricerche/progetto/tool kit/sbm-board-game-pack/Document fonts/Roboto-Bold.ttf
DataFormat:sfntData
hasSVG:no
VariableFontType:NonVariableFont
FileLength:84924
FileModTime:341160552
NameArray:0,Mac,4,Roboto Bold
NameArray:0,Win,1,Roboto
%EndFont

%BeginFont
Handler:DirectoryHandler
FontType:TrueType
FontName:Roboto-Thin
FamilyName:Roboto
StyleName:Thin
MenuName:Roboto Thin
StyleBits:0
WeightClass:250
WidthClass:5
AngleClass:0
FullName:Roboto Thin
WritingScript:Roman
OutlineFileName:/Users/guidobertola/Google Drive/smarketing°/smrk | progetti/stand by me - codici ricerche/progetto/tool kit/sbm-board-game-pack/Document fonts/Roboto-Thin.ttf
DataFormat:sfntData
hasSVG:no
VariableFontType:NonVariableFont
FileLength:163132
FileModTime:448786386
NameArray:0,Win,1,Roboto Thin
NameArray:0,Win,16,Roboto
%EndFont

%BeginFont
Handler:DirectoryHandler
FontType:TrueType
FontName:Roboto-Black
FamilyName:Roboto
StyleName:Black
MenuName:Roboto Black
StyleBits:2
WeightClass:900
WidthClass:5
AngleClass:0
FullName:Roboto Black
WritingScript:Roman
OutlineFileName:/Users/guidobertola/Google Drive/smarketing°/smrk | progetti/stand by me - codici ricerche/progetto/tool kit/sbm-board-game-pack/Document fonts/Roboto-Black.ttf
DataFormat:sfntData
hasSVG:no
VariableFontType:NonVariableFont
FileLength:163488
FileModTime:448786386
NameArray:0,Win,1,Roboto Black
NameArray:0,Win,16,Roboto
%EndFont

